\BOOKMARK [1][-]{section.0}{Repository URL}{}
\BOOKMARK [1][-]{section.1}{Implement of KVClient}{}
\BOOKMARK [2][-]{subsection.1.1}{Overview}{section.1}
\BOOKMARK [2][-]{subsection.1.2}{Correctness Constraints}{section.1}
\BOOKMARK [2][-]{subsection.1.3}{Declaration}{section.1}
\BOOKMARK [2][-]{subsection.1.4}{Description}{section.1}
\BOOKMARK [2][-]{subsection.1.5}{Test}{section.1}
\BOOKMARK [1][-]{section.2}{Implement of KVMessage}{}
\BOOKMARK [2][-]{subsection.2.1}{Overview}{section.2}
\BOOKMARK [2][-]{subsection.2.2}{Correctness Constraints}{section.2}
\BOOKMARK [2][-]{subsection.2.3}{Declaration}{section.2}
\BOOKMARK [2][-]{subsection.2.4}{Description}{section.2}
\BOOKMARK [2][-]{subsection.2.5}{Test}{section.2}
\BOOKMARK [1][-]{section.3}{Implement of KVCache}{}
\BOOKMARK [2][-]{subsection.3.1}{Overview}{section.3}
\BOOKMARK [2][-]{subsection.3.2}{Correctness Constraints}{section.3}
\BOOKMARK [2][-]{subsection.3.3}{Declaration}{section.3}
\BOOKMARK [2][-]{subsection.3.4}{Description}{section.3}
\BOOKMARK [2][-]{subsection.3.5}{Test}{section.3}
\BOOKMARK [1][-]{section.4}{Implement of KVServer and KVStore}{}
\BOOKMARK [2][-]{subsection.4.1}{Overview}{section.4}
\BOOKMARK [2][-]{subsection.4.2}{Correctness Constraints}{section.4}
\BOOKMARK [2][-]{subsection.4.3}{Declaration}{section.4}
\BOOKMARK [2][-]{subsection.4.4}{Description}{section.4}
\BOOKMARK [2][-]{subsection.4.5}{Test}{section.4}
